<?xml version="1.0" encoding="UTF-8"?>
<!-- Generated by org.testng.reporters.JUnitReportReporter -->
<testsuite hostname="DESKTOP-38SJ5O4" failures="0" tests="1" name="basic.OrganisationTest" time="18.697" errors="0" timestamp="2024-03-15T12:52:15 IST" skipped="0">
  <testcase classname="basic.OrganisationTest" name="createOrgTest" time="18.697"/>
  <system-out/>
</testsuite> <!-- basic.OrganisationTest -->
